<?xml version="1.0" encoding="UTF-8"?>
<!-- Generated by org.testng.reporters.JUnitXMLReporter -->
<testsuite hostname="ip-172-31-95-9" ignored="2" name="Default test" tests="1" failures="0" timestamp="09 Nov 2021 04:15:48 GMT" time="6.193" errors="0">
  <testcase name="ExcelTest" time="4.144" classname="test.LoginTest"/>
  <testcase name="Negativelogin" time="0.0" classname="test.LoginTest">
    <ignored/>
  </testcase> <!-- Negativelogin -->
  <testcase name="Positivelogin" time="0.0" classname="test.LoginTest">
    <ignored/>
  </testcase> <!-- Positivelogin -->
</testsuite> <!-- Default test -->
